# JRE version: OpenJDK Runtime Environment (21.0.6) (build 21.0.6+-13391695-b895.109)
# Java VM: OpenJDK 64-Bit Server VM (21.0.6+-13391695-b895.109, mixed mode, tiered, compressed oops, compressed class ptrs, g1 gc, windows-amd64)
GC Precious Log:
 CardTable entry size: 512
 Card Set container configuration: InlinePtr #cards 5 size 8 Array Of Cards #cards 12 size 40 Howl #buckets 4 coarsen threshold 1843 Howl Bitmap #cards 512 size 80 coarsen threshold 460 Card regions per heap region 1 cards per card region 2048
 CPUs: 12 total, 12 available
 Memory: 7520M
 Large Page Support: Disabled
 NUMA Support: Disabled
 Compressed Oops: Enabled (32-bit)
 Heap Region Size: 1M
 Heap Min Capacity: 8M
 Heap Initial Capacity: 118M
 Heap Max Capacity: 2G
 Pre-touch: Disabled
 Parallel Workers: 10
 Concurrent Workers: 3
 Concurrent Refinement Workers: 10
 Periodic GC: Disabled
Heap:
 garbage-first heap   total 310272K, used 253468K [0x0000000080000000, 0x0000000100000000)
  region size 1024K, 75 young (76800K), 2 survivors (2048K)
 Metaspace       used 171867K, committed 174528K, reserved 1245184K
  class space    used 23061K, committed 24384K, reserved 1048576K
GC Heap History (20 events):
Event: 110.267 GC heap before
{Heap before GC invocations=50 (full 0):
 garbage-first heap   total 227328K, used 203248K [0x0000000080000000, 0x0000000100000000)
  region size 1024K, 67 young (68608K), 10 survivors (10240K)
 Metaspace       used 141606K, committed 144128K, reserved 1179648K
  class space    used 18692K, committed 19968K, reserved 1048576K
}
Event: 110.279 GC heap after
{Heap after GC invocations=51 (full 0):
 garbage-first heap   total 227328K, used 150988K [0x0000000080000000, 0x0000000100000000)
  region size 1024K, 5 young (5120K), 5 survivors (5120K)
 Metaspace       used 141606K, committed 144128K, reserved 1179648K
  class space    used 18692K, committed 19968K, reserved 1048576K
}
Event: 110.955 GC heap before
{Heap before GC invocations=52 (full 0):
 garbage-first heap   total 252928K, used 207308K [0x0000000080000000, 0x0000000100000000)
  region size 1024K, 61 young (62464K), 5 survivors (5120K)
 Metaspace       used 145782K, committed 148352K, reserved 1179648K
  class space    used 19303K, committed 20608K, reserved 1048576K
}
Event: 110.966 GC heap after
{Heap after GC invocations=53 (full 0):
 garbage-first heap   total 252928K, used 157010K [0x0000000080000000, 0x0000000100000000)
  region size 1024K, 8 young (8192K), 8 survivors (8192K)
 Metaspace       used 145782K, committed 148352K, reserved 1179648K
  class space    used 19303K, committed 20608K, reserved 1048576K
}
Event: 111.597 GC heap before
{Heap before GC invocations=53 (full 0):
 garbage-first heap   total 252928K, used 228690K [0x0000000080000000, 0x0000000100000000)
  region size 1024K, 79 young (80896K), 8 survivors (8192K)
 Metaspace       used 152796K, committed 155392K, reserved 1245184K
  class space    used 20548K, committed 21824K, reserved 1048576K
}
Event: 111.608 GC heap after
{Heap after GC invocations=54 (full 0):
 garbage-first heap   total 252928K, used 163352K [0x0000000080000000, 0x0000000100000000)
  region size 1024K, 10 young (10240K), 10 survivors (10240K)
 Metaspace       used 152796K, committed 155392K, reserved 1245184K
  class space    used 20548K, committed 21824K, reserved 1048576K
}
Event: 112.060 GC heap before
{Heap before GC invocations=54 (full 0):
 garbage-first heap   total 252928K, used 227864K [0x0000000080000000, 0x0000000100000000)
  region size 1024K, 74 young (75776K), 10 survivors (10240K)
 Metaspace       used 158723K, committed 161344K, reserved 1245184K
  class space    used 21593K, committed 22912K, reserved 1048576K
}
Event: 112.072 GC heap after
{Heap after GC invocations=55 (full 0):
 garbage-first heap   total 252928K, used 167470K [0x0000000080000000, 0x0000000100000000)
  region size 1024K, 5 young (5120K), 5 survivors (5120K)
 Metaspace       used 158723K, committed 161344K, reserved 1245184K
  class space    used 21593K, committed 22912K, reserved 1048576K
}
Event: 112.399 GC heap before
{Heap before GC invocations=55 (full 0):
 garbage-first heap   total 252928K, used 231982K [0x0000000080000000, 0x0000000100000000)
  region size 1024K, 69 young (70656K), 5 survivors (5120K)
 Metaspace       used 160945K, committed 163584K, reserved 1245184K
  class space    used 21946K, committed 23232K, reserved 1048576K
}
Event: 112.404 GC heap after
{Heap after GC invocations=56 (full 0):
 garbage-first heap   total 252928K, used 168116K [0x0000000080000000, 0x0000000100000000)
  region size 1024K, 5 young (5120K), 5 survivors (5120K)
 Metaspace       used 160945K, committed 163584K, reserved 1245184K
  class space    used 21946K, committed 23232K, reserved 1048576K
}
Event: 113.919 GC heap before
{Heap before GC invocations=57 (full 0):
 garbage-first heap   total 281600K, used 230580K [0x0000000080000000, 0x0000000100000000)
  region size 1024K, 67 young (68608K), 5 survivors (5120K)
 Metaspace       used 163962K, committed 166528K, reserved 1245184K
  class space    used 22359K, committed 23616K, reserved 1048576K
}
Event: 113.925 GC heap after
{Heap after GC invocations=58 (full 0):
 garbage-first heap   total 281600K, used 169781K [0x0000000080000000, 0x0000000100000000)
  region size 1024K, 7 young (7168K), 7 survivors (7168K)
 Metaspace       used 163962K, committed 166528K, reserved 1245184K
  class space    used 22359K, committed 23616K, reserved 1048576K
}
Event: 119.412 GC heap before
{Heap before GC invocations=58 (full 0):
 garbage-first heap   total 281600K, used 279349K [0x0000000080000000, 0x0000000100000000)
  region size 1024K, 84 young (86016K), 7 survivors (7168K)
 Metaspace       used 164959K, committed 167552K, reserved 1245184K
  class space    used 22475K, committed 23744K, reserved 1048576K
}
Event: 119.424 GC heap after
{Heap after GC invocations=59 (full 0):
 garbage-first heap   total 293888K, used 174467K [0x0000000080000000, 0x0000000100000000)
  region size 1024K, 12 young (12288K), 12 survivors (12288K)
 Metaspace       used 164959K, committed 167552K, reserved 1245184K
  class space    used 22475K, committed 23744K, reserved 1048576K
}
Event: 123.046 GC heap before
{Heap before GC invocations=59 (full 0):
 garbage-first heap   total 293888K, used 264579K [0x0000000080000000, 0x0000000100000000)
  region size 1024K, 101 young (103424K), 12 survivors (12288K)
 Metaspace       used 168083K, committed 170688K, reserved 1245184K
  class space    used 22813K, committed 24128K, reserved 1048576K
}
Event: 123.064 GC heap after
{Heap after GC invocations=60 (full 0):
 garbage-first heap   total 293888K, used 179124K [0x0000000080000000, 0x0000000100000000)
  region size 1024K, 13 young (13312K), 13 survivors (13312K)
 Metaspace       used 168083K, committed 170688K, reserved 1245184K
  class space    used 22813K, committed 24128K, reserved 1048576K
}
Event: 123.246 GC heap before
{Heap before GC invocations=60 (full 0):
 garbage-first heap   total 293888K, used 184244K [0x0000000080000000, 0x0000000100000000)
  region size 1024K, 20 young (20480K), 13 survivors (13312K)
 Metaspace       used 168893K, committed 171520K, reserved 1245184K
  class space    used 22880K, committed 24192K, reserved 1048576K
}
Event: 123.256 GC heap after
{Heap after GC invocations=61 (full 0):
 garbage-first heap   total 293888K, used 182918K [0x0000000080000000, 0x0000000100000000)
  region size 1024K, 3 young (3072K), 3 survivors (3072K)
 Metaspace       used 168893K, committed 171520K, reserved 1245184K
  class space    used 22880K, committed 24192K, reserved 1048576K
}
Event: 125.820 GC heap before
{Heap before GC invocations=62 (full 0):
 garbage-first heap   total 308224K, used 306822K [0x0000000080000000, 0x0000000100000000)
  region size 1024K, 59 young (60416K), 3 survivors (3072K)
 Metaspace       used 171651K, committed 174272K, reserved 1245184K
  class space    used 23055K, committed 24384K, reserved 1048576K
}
Event: 125.829 GC heap after
{Heap after GC invocations=63 (full 0):
 garbage-first heap   total 310272K, used 179740K [0x0000000080000000, 0x0000000100000000)
  region size 1024K, 2 young (2048K), 2 survivors (2048K)
 Metaspace       used 171651K, committed 174272K, reserved 1245184K
  class space    used 23055K, committed 24384K, reserved 1048576K
}

