# JRE version: OpenJDK Runtime Environment (21.0.6) (build 21.0.6+-13391695-b895.109)
# Java VM: OpenJDK 64-Bit Server VM (21.0.6+-13391695-b895.109, mixed mode, tiered, compressed oops, compressed class ptrs, g1 gc, windows-amd64)
GC Precious Log:
 CardTable entry size: 512
 Card Set container configuration: InlinePtr #cards 5 size 8 Array Of Cards #cards 12 size 40 Howl #buckets 4 coarsen threshold 1843 Howl Bitmap #cards 512 size 80 coarsen threshold 460 Card regions per heap region 1 cards per card region 2048
 CPUs: 12 total, 12 available
 Memory: 7520M
 Large Page Support: Disabled
 NUMA Support: Disabled
 Compressed Oops: Enabled (32-bit)
 Heap Region Size: 1M
 Heap Min Capacity: 8M
 Heap Initial Capacity: 118M
 Heap Max Capacity: 2G
 Pre-touch: Disabled
 Parallel Workers: 10
 Concurrent Workers: 3
 Concurrent Refinement Workers: 10
 Periodic GC: Disabled
Heap:
 garbage-first heap   total 218112K, used 182742K [0x0000000080000000, 0x0000000100000000)
  region size 1024K, 8 young (8192K), 6 survivors (6144K)
 Metaspace       used 128168K, committed 130560K, reserved 1179648K
  class space    used 17138K, committed 18304K, reserved 1048576K
GC Heap History (20 events):
Event: 53.913 GC heap before
{Heap before GC invocations=34 (full 0):
 garbage-first heap   total 153600K, used 141718K [0x0000000080000000, 0x0000000100000000)
  region size 1024K, 50 young (51200K), 3 survivors (3072K)
 Metaspace       used 106114K, committed 108352K, reserved 1179648K
  class space    used 14298K, committed 15424K, reserved 1048576K
}
Event: 53.919 GC heap after
{Heap after GC invocations=35 (full 0):
 garbage-first heap   total 153600K, used 96118K [0x0000000080000000, 0x0000000100000000)
  region size 1024K, 6 young (6144K), 6 survivors (6144K)
 Metaspace       used 106114K, committed 108352K, reserved 1179648K
  class space    used 14298K, committed 15424K, reserved 1048576K
}
Event: 54.378 GC heap before
{Heap before GC invocations=36 (full 0):
 garbage-first heap   total 162816K, used 137078K [0x0000000080000000, 0x0000000100000000)
  region size 1024K, 46 young (47104K), 6 survivors (6144K)
 Metaspace       used 109051K, committed 111296K, reserved 1179648K
  class space    used 14769K, committed 15872K, reserved 1048576K
}
Event: 54.384 GC heap after
{Heap after GC invocations=37 (full 0):
 garbage-first heap   total 162816K, used 98572K [0x0000000080000000, 0x0000000100000000)
  region size 1024K, 5 young (5120K), 5 survivors (5120K)
 Metaspace       used 109051K, committed 111296K, reserved 1179648K
  class space    used 14769K, committed 15872K, reserved 1048576K
}
Event: 54.905 GC heap before
{Heap before GC invocations=37 (full 0):
 garbage-first heap   total 162816K, used 147724K [0x0000000080000000, 0x0000000100000000)
  region size 1024K, 53 young (54272K), 5 survivors (5120K)
 Metaspace       used 113786K, committed 115968K, reserved 1179648K
  class space    used 15418K, committed 16512K, reserved 1048576K
}
Event: 54.910 GC heap after
{Heap after GC invocations=38 (full 0):
 garbage-first heap   total 162816K, used 100959K [0x0000000080000000, 0x0000000100000000)
  region size 1024K, 5 young (5120K), 5 survivors (5120K)
 Metaspace       used 113786K, committed 115968K, reserved 1179648K
  class space    used 15418K, committed 16512K, reserved 1048576K
}
Event: 55.522 GC heap before
{Heap before GC invocations=38 (full 0):
 garbage-first heap   total 162816K, used 148063K [0x0000000080000000, 0x0000000100000000)
  region size 1024K, 51 young (52224K), 5 survivors (5120K)
 Metaspace       used 116143K, committed 118464K, reserved 1179648K
  class space    used 15747K, committed 16896K, reserved 1048576K
}
Event: 55.529 GC heap after
{Heap after GC invocations=39 (full 0):
 garbage-first heap   total 162816K, used 105284K [0x0000000080000000, 0x0000000100000000)
  region size 1024K, 7 young (7168K), 7 survivors (7168K)
 Metaspace       used 116143K, committed 118464K, reserved 1179648K
  class space    used 15747K, committed 16896K, reserved 1048576K
}
Event: 55.873 GC heap before
{Heap before GC invocations=40 (full 0):
 garbage-first heap   total 176128K, used 145220K [0x0000000080000000, 0x0000000100000000)
  region size 1024K, 46 young (47104K), 7 survivors (7168K)
 Metaspace       used 116283K, committed 118528K, reserved 1179648K
  class space    used 15757K, committed 16896K, reserved 1048576K
}
Event: 55.880 GC heap after
{Heap after GC invocations=41 (full 0):
 garbage-first heap   total 176128K, used 111616K [0x0000000080000000, 0x0000000100000000)
  region size 1024K, 6 young (6144K), 6 survivors (6144K)
 Metaspace       used 116283K, committed 118528K, reserved 1179648K
  class space    used 15757K, committed 16896K, reserved 1048576K
}
Event: 56.474 GC heap before
{Heap before GC invocations=41 (full 0):
 garbage-first heap   total 176128K, used 163840K [0x0000000080000000, 0x0000000100000000)
  region size 1024K, 53 young (54272K), 6 survivors (6144K)
 Metaspace       used 120680K, committed 123008K, reserved 1179648K
  class space    used 16192K, committed 17344K, reserved 1048576K
}
Event: 56.484 GC heap after
{Heap after GC invocations=42 (full 0):
 garbage-first heap   total 181248K, used 119539K [0x0000000080000000, 0x0000000100000000)
  region size 1024K, 7 young (7168K), 7 survivors (7168K)
 Metaspace       used 120680K, committed 123008K, reserved 1179648K
  class space    used 16192K, committed 17344K, reserved 1048576K
}
Event: 56.763 GC heap before
{Heap before GC invocations=42 (full 0):
 garbage-first heap   total 181248K, used 162547K [0x0000000080000000, 0x0000000100000000)
  region size 1024K, 50 young (51200K), 7 survivors (7168K)
 Metaspace       used 121267K, committed 123520K, reserved 1179648K
  class space    used 16271K, committed 17408K, reserved 1048576K
}
Event: 56.769 GC heap after
{Heap after GC invocations=43 (full 0):
 garbage-first heap   total 218112K, used 123220K [0x0000000080000000, 0x0000000100000000)
  region size 1024K, 4 young (4096K), 4 survivors (4096K)
 Metaspace       used 121267K, committed 123520K, reserved 1179648K
  class space    used 16271K, committed 17408K, reserved 1048576K
}
Event: 57.613 GC heap before
{Heap before GC invocations=44 (full 0):
 garbage-first heap   total 218112K, used 190804K [0x0000000080000000, 0x0000000100000000)
  region size 1024K, 71 young (72704K), 4 survivors (4096K)
 Metaspace       used 124203K, committed 126528K, reserved 1179648K
  class space    used 16655K, committed 17856K, reserved 1048576K
}
Event: 57.622 GC heap after
{Heap after GC invocations=45 (full 0):
 garbage-first heap   total 218112K, used 127822K [0x0000000080000000, 0x0000000100000000)
  region size 1024K, 9 young (9216K), 9 survivors (9216K)
 Metaspace       used 124203K, committed 126528K, reserved 1179648K
  class space    used 16655K, committed 17856K, reserved 1048576K
}
Event: 58.541 GC heap before
{Heap before GC invocations=45 (full 0):
 garbage-first heap   total 218112K, used 194382K [0x0000000080000000, 0x0000000100000000)
  region size 1024K, 75 young (76800K), 9 survivors (9216K)
 Metaspace       used 125923K, committed 128256K, reserved 1179648K
  class space    used 16866K, committed 18048K, reserved 1048576K
}
Event: 58.550 GC heap after
{Heap after GC invocations=46 (full 0):
 garbage-first heap   total 218112K, used 130329K [0x0000000080000000, 0x0000000100000000)
  region size 1024K, 9 young (9216K), 9 survivors (9216K)
 Metaspace       used 125923K, committed 128256K, reserved 1179648K
  class space    used 16866K, committed 18048K, reserved 1048576K
}
Event: 59.069 GC heap before
{Heap before GC invocations=46 (full 0):
 garbage-first heap   total 218112K, used 173337K [0x0000000080000000, 0x0000000100000000)
  region size 1024K, 53 young (54272K), 9 survivors (9216K)
 Metaspace       used 128025K, committed 130432K, reserved 1179648K
  class space    used 17117K, committed 18304K, reserved 1048576K
}
Event: 59.077 GC heap after
{Heap after GC invocations=47 (full 0):
 garbage-first heap   total 218112K, used 132566K [0x0000000080000000, 0x0000000100000000)
  region size 1024K, 6 young (6144K), 6 survivors (6144K)
 Metaspace       used 128025K, committed 130432K, reserved 1179648K
  class space    used 17117K, committed 18304K, reserved 1048576K
}

